{"time":"2026-05-11T14:15:07.914612963-06:00","level":"INFO","msg":"user created","username":"shadowbyte","email":"shadowbyte0@example.com","password":"Shadow#2026"}
{"time":"2026-05-11T14:15:07.963381878-06:00","level":"INFO","msg":"user created","username":"neo_runner","email":"neo_runner1@example.com","password":"NeoRun!42"}
{"time":"2026-05-11T14:15:08.011763036-06:00","level":"INFO","msg":"user created","username":"pixelstorm","email":"pixelstorm2@example.com","password":"Pixel$Storm7"}
{"time":"2026-05-11T14:15:08.060913555-06:00","level":"INFO","msg":"user created","username":"zerocool","email":"zerocool3@example.com","password":"ZeroCool#99"}
{"time":"2026-05-11T14:15:08.109680236-06:00","level":"INFO","msg":"user created","username":"ghostkernel","email":"ghostkernel4@example.com","password":"Ghost@Kernel1"}
{"time":"2026-05-11T14:15:08.158391352-06:00","level":"INFO","msg":"user created","username":"bytehunter","email":"bytehunter5@example.com","password":"ByteHunter!88"}
{"time":"2026-05-11T14:15:08.206797316-06:00","level":"INFO","msg":"user created","username":"darkterminal","email":"darkterminal6@example.com","password":"DarkTerm#55"}
{"time":"2026-05-11T14:15:08.252760473-06:00","level":"INFO","msg":"user created","username":"hexdrifter","email":"hexdrifter7@example.com","password":"HexDrifter@22"}
{"time":"2026-05-11T14:15:08.296374607-06:00","level":"INFO","msg":"user created","username":"syntaxerror","email":"syntaxerror8@example.com","password":"Syntax!Error9"}
{"time":"2026-05-11T14:15:08.33989223-06:00","level":"INFO","msg":"user created","username":"rootaccess","email":"rootaccess9@example.com","password":"RootAccess#77"}
{"time":"2026-05-11T14:15:08.383673518-06:00","level":"INFO","msg":"user created","username":"packetghost","email":"packetghost10@example.com","password":"PacketGhost$5"}
{"time":"2026-05-11T14:15:08.427266553-06:00","level":"INFO","msg":"user created","username":"midnightdev","email":"midnightdev11@example.com","password":"MidnightDev!3"}
{"time":"2026-05-11T14:15:08.471476313-06:00","level":"INFO","msg":"user created","username":"stackbreaker","email":"stackbreaker12@example.com","password":"StackBreaker#1"}
{"time":"2026-05-11T14:15:08.516082156-06:00","level":"INFO","msg":"user created","username":"silentproxy","email":"silentproxy13@example.com","password":"SilentProxy@66"}
{"time":"2026-05-11T14:15:08.561189589-06:00","level":"INFO","msg":"user created","username":"kernelpanic","email":"kernelpanic14@example.com","password":"KernelPanic!404"}
{"time":"2026-05-11T14:15:08.604609159-06:00","level":"INFO","msg":"user created","username":"devphantom","email":"devphantom15@example.com","password":"DevPhantom#12"}
{"time":"2026-05-11T14:15:08.648071208-06:00","level":"INFO","msg":"user created","username":"binarywolf","email":"binarywolf16@example.com","password":"BinaryWolf@8"}
{"time":"2026-05-11T14:15:08.691402081-06:00","level":"INFO","msg":"user created","username":"nullpointer","email":"nullpointer17@example.com","password":"NullPointer!500"}
{"time":"2026-05-11T14:15:08.735094873-06:00","level":"INFO","msg":"user created","username":"cybernomad","email":"cybernomad18@example.com","password":"CyberNomad#23"}
{"time":"2026-05-11T14:15:08.779099349-06:00","level":"INFO","msg":"user created","username":"gopherx","email":"gopherx19@example.com","password":"GopherX@2026"}
{"time":"2026-05-11T14:15:08.822935359-06:00","level":"INFO","msg":"user created","username":"tcpwizard","email":"tcpwizard20@example.com","password":"TCPWizard!11"}
{"time":"2026-05-11T14:15:08.866415312-06:00","level":"INFO","msg":"user created","username":"segfaultsam","email":"segfaultsam21@example.com","password":"SegFaultSam#7"}
{"time":"2026-05-11T14:15:08.909911174-06:00","level":"INFO","msg":"user created","username":"cloudraider","email":"cloudraider22@example.com","password":"CloudRaider@14"}
{"time":"2026-05-11T14:15:08.953491936-06:00","level":"INFO","msg":"user created","username":"crypticnode","email":"crypticnode23@example.com","password":"CrypticNode!64"}
{"time":"2026-05-11T14:15:08.996822038-06:00","level":"INFO","msg":"user created","username":"overflowking","email":"overflowking24@example.com","password":"OverflowKing#2"}
